========================================
🚀 Collection Run: 2026-03-11 04:35:00
========================================
📡 Checking GitHub connection...
✅ GitHub reachable

📊 Current Status:
- Total profiles: 10
- Total index files: 11
- Total content files: 26 → 28 (+2 new)
- Repository size: ~1.1MB

📝 NEW COLLECTIONS:
✅ Sam Altman - Stratechery Interview (DevDay & AI Buildout)
   Source: https://stratechery.com/2025/...
   Size: 12,013 bytes
   Topics: AGI, Infrastructure, AI Strategy
   
✅ Lenny Rachitsky - Best of Newsletter 2025
   Source: https://www.lennysnewsletter.com/...
   Size: 5,357 bytes
   Topics: Product Management, AI, Career Growth

🔧 CRON TASK FIXES APPLIED:
- Fixed delivery.channel from 'whatsapp' to 'cron-event'
- Updated anima-base-research task instructions
- All 3 tasks now properly configured

📈 Next Tasks:
- Continue collecting for remaining 8 profiles
- Target: 2-3 articles per person
- Source priority: interviews, essays, long-form content

✅ Run complete at 04:35:30
========================================
