========================================
🔍 Monitor Run: 2026-03-11 01:41:29
========================================
📋 Checking Git status...
✅ Git status clean
📡 Checking GitHub connection...
⚠️  GitHub not reachable
========================================
🔍 Monitor Run: 2026-03-11 01:41:39
========================================
📋 Checking Git status...
✅ Git status clean
📡 Checking GitHub connection...
✅ GitHub reachable
🚀 Pushing 2 commits to GitHub...
To https://github.com/fisher-byte/anima-base.git
 ! [rejected]        main -> main (fetch first)
error: failed to push some refs to 'https://github.com/fisher-byte/anima-base.git'
hint: Updates were rejected because the remote contains work that you do not
hint: have locally. This is usually caused by another repository pushing to
hint: the same ref. If you want to integrate the remote changes, use
hint: 'git pull' before pushing again.
hint: See the 'Note about fast-forwards' in 'git push --help' for details.
❌ Push failed
🔐 Checking file permissions...
📁 Checking empty directories...
⚠️  Found 12 empty directories
✅ Added .gitkeep to empty directories
========================================
🔍 Monitor Run: 2026-03-11 01:42:26
========================================
📋 Checking Git status...
✅ Git status clean
📡 Checking GitHub connection...
⚠️  GitHub not reachable
🔐 Checking file permissions...
📁 Checking empty directories...
📊 Content Statistics:
- Profiles: 17
- Podcasts: 11
- Total MD: 49
- Size: 1.8M
📄 Checking essential files...
✅ README.md exists
📇 Checking index...
✅ Index exists
🔗 Checking Git remote...
✅ Remote configured

📊 Summary: 1 errors, 0 fixed
Status: ⚠️  Attention needed

✅ Monitor complete at 01:42:29

